<?xml version="1.0" encoding="UTF-8"?>
<!-- Generated by org.testng.reporters.JUnitReportReporter -->
<testsuite hostname="sudhakar-PC" failures="0" tests="3" name="TestNGUtil.SamplexlsxTest" time="134.378" errors="0" timestamp="28 Mar 2019 22:46:32 GMT" skipped="0">
  <testcase classname="TestNGUtil.SamplexlsxTest" name="TC02" time="19.716"/>
  <testcase classname="TestNGUtil.SamplexlsxTest" name="TC03" time="13.484"/>
  <testcase classname="TestNGUtil.SamplexlsxTest" name="TC01" time="101.178"/>
</testsuite> <!-- TestNGUtil.SamplexlsxTest -->
