<?xml version="1.0" encoding="UTF-8"?>
<!-- Generated by org.testng.reporters.JUnitReportReporter -->
<testsuite hostname="Sudhakar-PC" failures="0" tests="1" name="Job.DeleteEmpId" time="61.844" errors="0" timestamp="01 Apr 2019 15:55:17 GMT" skipped="0">
  <testcase classname="Job.DeleteEmpId" name="Data_driven_test" time="61.844"/>
</testsuite> <!-- Job.DeleteEmpId -->
