<?xml version="1.0" encoding="UTF-8"?>
<!-- Generated by org.testng.reporters.JUnitReportReporter -->
<testsuite hostname="sudhakar-PC" failures="0" tests="1" name="PDF.ReadPDF" time="10.427" errors="0" timestamp="28 Mar 2019 21:28:11 GMT" skipped="0">
  <testcase classname="PDF.ReadPDF" name="testVerifyPDFTextInBrowser1" time="10.427"/>
</testsuite> <!-- PDF.ReadPDF -->
