<?xml version="1.0" encoding="UTF-8"?>
<!-- Generated by org.testng.reporters.JUnitReportReporter -->
<testsuite hostname="Sudhakar-PC" failures="0" tests="2" name="Job.DeleteJobTitle" time="71.798" errors="0" timestamp="01 Apr 2019 05:56:36 GMT" skipped="0">
  <testcase classname="Job.DeleteJobTitle" name="addjobtitl" time="50.382"/>
  <testcase classname="Job.DeleteJobTitle" name="Data_driven_test" time="21.416"/>
</testsuite> <!-- Job.DeleteJobTitle -->
