<?xml version="1.0" encoding="UTF-8"?>
<!-- Generated by org.testng.reporters.JUnitReportReporter -->
<testsuite hostname="Sudhakar-PC" failures="0" tests="1" name="Employee.AddEmp" time="117.679" errors="0" timestamp="02 Apr 2019 02:48:42 GMT" skipped="0">
  <testcase classname="Employee.AddEmp" name="AddEmp_datadriventest" time="117.679"/>
</testsuite> <!-- Employee.AddEmp -->
