<?xml version="1.0" encoding="UTF-8"?>
<!-- Generated by org.testng.reporters.JUnitReportReporter -->
<testsuite hostname="sudhakar-PC" failures="0" tests="1" name="Employee.EmployeeSearch" time="70.708" errors="0" timestamp="26 Mar 2019 03:09:13 GMT" skipped="0">
  <testcase classname="Employee.EmployeeSearch" name="boolean_datadriventest" time="70.708"/>
</testsuite> <!-- Employee.EmployeeSearch -->
