<?xml version="1.0" encoding="UTF-8"?>
<!-- Generated by org.testng.reporters.JUnitReportReporter -->
<testsuite hostname="sudhakar-PC" failures="0" tests="1" name="Employee1.AddEmp1" time="213.443" errors="0" timestamp="19 Mar 2019 05:55:25 GMT" skipped="0">
  <testcase classname="Employee1.AddEmp1" name="AddEmp_datadriventest" time="213.443"/>
</testsuite> <!-- Employee1.AddEmp1 -->
