<?xml version="1.0" encoding="UTF-8"?>
<!-- Generated by org.testng.reporters.JUnitReportReporter -->
<testsuite hostname="sudhakar-PC" failures="0" tests="1" name="QualificationSkills.Admin_Skils_Export" time="31.019" errors="0" timestamp="18 Mar 2019 14:40:37 GMT" skipped="0">
  <testcase classname="QualificationSkills.Admin_Skils_Export" name="Export_Admin_Qualification" time="31.019"/>
</testsuite> <!-- QualificationSkills.Admin_Skils_Export -->
