<?xml version="1.0" encoding="UTF-8"?>
<!-- Generated by org.testng.reporters.JUnitReportReporter -->
<testsuite hostname="sudhakar-PC" failures="0" tests="1" name="FAQS.DEF" time="0.016" errors="0" timestamp="29 Mar 2019 22:16:34 GMT" skipped="0">
  <testcase classname="FAQS.DEF" name="main" time="0.016"/>
</testsuite> <!-- FAQS.DEF -->
