<?xml version="1.0" encoding="UTF-8"?>
<!-- Generated by org.testng.reporters.JUnitReportReporter -->
<testsuite hostname="sudhakar-PC" failures="0" tests="1" name="Leaves.Leavelist" time="46.403" errors="0" timestamp="19 Mar 2019 15:33:01 GMT" skipped="0">
  <testcase classname="Leaves.Leavelist" name="Leavelist_datadriventest" time="46.403"/>
</testsuite> <!-- Leaves.Leavelist -->
