<?xml version="1.0" encoding="UTF-8"?>
<!-- Generated by org.testng.reporters.JUnitReportReporter -->
<testsuite hostname="sudhakar-PC" failures="0" tests="1" name="Employee.ExportEmployees" time="55.694" errors="0" timestamp="26 Mar 2019 02:47:08 GMT" skipped="0">
  <testcase classname="Employee.ExportEmployees" name="ExportAllEmployees" time="55.694"/>
</testsuite> <!-- Employee.ExportEmployees -->
