<?xml version="1.0" encoding="UTF-8"?>
<!-- Generated by org.testng.reporters.JUnitReportReporter -->
<testsuite hostname="Sudhakar-PC" failures="0" tests="1" name="TestNGUtil.TestNGXML" time="1.084" errors="0" timestamp="02 Apr 2019 02:07:44 GMT" skipped="0">
  <testcase classname="TestNGUtil.TestNGXML" name="TestNG_Generate" time="1.084"/>
</testsuite> <!-- TestNGUtil.TestNGXML -->
